


ARM Macro Assembler    Page 1 


    1 00000000                 AREA             ADDITION,CODE,READONLY
    2 00000000                 ENTRY
    3 00000000 E3A01003        MOV              R1,#3
    4 00000004 E3A02002        MOV              R2,#2
    5 00000008 E0710002        RSBS             R0,R1,R2
    6 0000000C EAFFFFFE 
                       STOP    B                STOP
    7 00000010                 END
Command Line: --debug --xref --device=DARMP --apcs=interwork -oSUB.o -IC:\Keil\
ARM\INC\Philips --predefine="__EVAL SETA 1" --list=SUB.lst SUB.S



ARM Macro Assembler    Page 1 Alphabetic symbol ordering
Relocatable symbols

ADDITION 00000000

Symbol: ADDITION
   Definitions
      At line 1 in file SUB.S
   Uses
      None
Comment: ADDITION unused
STOP 0000000C

Symbol: STOP
   Definitions
      At line 6 in file SUB.S
   Uses
      At line 6 in file SUB.S
Comment: STOP used once
2 symbols
322 symbols in table
