


ARM Macro Assembler    Page 1 


    1 00000000                 AREA             ADDITION,CODE,READONLY
    2 00000000                 ENTRY
    3 00000000 E3A00101        LDR              R0, =0X40000000
    4 00000004 E1D010D0        LDRSB            R1, [R0]
    5 00000008 E1F020D4        LDRSB            R2, [R0, #4]!
    6 0000000C EAFFFFFE 
                       STOP    B                STOP
    7 00000010                 END
Command Line: --debug --xref --device=DARMP --apcs=interwork -oLDR.o -IC:\Keil\
ARM\INC\Philips --predefine="__EVAL SETA 1" --list=LDR.lst LDR.S



ARM Macro Assembler    Page 1 Alphabetic symbol ordering
Relocatable symbols

ADDITION 00000000

Symbol: ADDITION
   Definitions
      At line 1 in file LDR.S
   Uses
      None
Comment: ADDITION unused
STOP 0000000C

Symbol: STOP
   Definitions
      At line 6 in file LDR.S
   Uses
      At line 6 in file LDR.S
Comment: STOP used once
2 symbols
322 symbols in table
